The system is: Windows - 10.0.19042 - AMD64
Compiling the C compiler identification source file "CMakeCCompilerId.c" succeeded.
Compiler: C:/Program Files (x86)/Microsoft Visual Studio/2019/BuildTools/VC/Tools/MSVC/14.28.29910/bin/Hostx86/x86/cl.exe 
Build flags: 
Id flags:  

The output was:
0
Microsoft (R) C/C++ Optimizing Compiler Version 19.28.29913 for x86
Copyright (C) Microsoft Corporation.  All rights reserved.

CMakeCCompilerId.c
Microsoft (R) Incremental Linker Version 14.28.29913.0
Copyright (C) Microsoft Corporation.  All rights reserved.

/out:CMakeCCompilerId.exe 
CMakeCCompilerId.obj 


Compilation of the C compiler identification source "CMakeCCompilerId.c" produced "CMakeCCompilerId.exe"

Compilation of the C compiler identification source "CMakeCCompilerId.c" produced "CMakeCCompilerId.obj"

The C compiler identification is MSVC, found in "C:/Users/noort/Documents/1/TU/year_5/GEO2020_thesis/Code/Thesis_treegrowth/treegrowthmodelling/GTree/cmake-build-release/CMakeFiles/3.21.1/CompilerIdC/CMakeCCompilerId.exe"

Compiling the CXX compiler identification source file "CMakeCXXCompilerId.cpp" succeeded.
Compiler: C:/Program Files (x86)/Microsoft Visual Studio/2019/BuildTools/VC/Tools/MSVC/14.28.29910/bin/Hostx86/x86/cl.exe 
Build flags: 
Id flags:  

The output was:
0
Microsoft (R) C/C++ Optimizing Compiler Version 19.28.29913 for x86
Copyright (C) Microsoft Corporation.  All rights reserved.

CMakeCXXCompilerId.cpp
Microsoft (R) Incremental Linker Version 14.28.29913.0
Copyright (C) Microsoft Corporation.  All rights reserved.

/out:CMakeCXXCompilerId.exe 
CMakeCXXCompilerId.obj 


Compilation of the CXX compiler identification source "CMakeCXXCompilerId.cpp" produced "CMakeCXXCompilerId.exe"

Compilation of the CXX compiler identification source "CMakeCXXCompilerId.cpp" produced "CMakeCXXCompilerId.obj"

The CXX compiler identification is MSVC, found in "C:/Users/noort/Documents/1/TU/year_5/GEO2020_thesis/Code/Thesis_treegrowth/treegrowthmodelling/GTree/cmake-build-release/CMakeFiles/3.21.1/CompilerIdCXX/CMakeCXXCompilerId.exe"

Detecting C compiler ABI info compiled with the following output:
Change Dir: C:/Users/noort/Documents/1/TU/year_5/GEO2020_thesis/Code/Thesis_treegrowth/treegrowthmodelling/GTree/cmake-build-release/CMakeFiles/CMakeTmp

Run Build Command(s):C:/Program Files/JetBrains/CLion 2021.3.2/bin/ninja/win/ninja.exe cmTC_f59c5 && [1/2] Building C object CMakeFiles\cmTC_f59c5.dir\CMakeCCompilerABI.c.obj
[2/2] Linking C executable cmTC_f59c5.exe



Detecting CXX compiler ABI info compiled with the following output:
Change Dir: C:/Users/noort/Documents/1/TU/year_5/GEO2020_thesis/Code/Thesis_treegrowth/treegrowthmodelling/GTree/cmake-build-release/CMakeFiles/CMakeTmp

Run Build Command(s):C:/Program Files/JetBrains/CLion 2021.3.2/bin/ninja/win/ninja.exe cmTC_4fa69 && [1/2] Building CXX object CMakeFiles\cmTC_4fa69.dir\CMakeCXXCompilerABI.cpp.obj
[2/2] Linking CXX executable cmTC_4fa69.exe



